2025-03-26 00:38:50,925 - base_model - INFO - Running on PythonAnywhere
2025-03-26 00:38:50,926 - base_model - INFO - Base directory: /home/OskarIwaniuk/SportsAI
2025-03-26 00:38:50,927 - base_model - INFO - Player data directory: /home/OskarIwaniuk/SportsAI\player_data
2025-03-26 00:38:50,927 - base_model - INFO - Models directory: /home/OskarIwaniuk/SportsAI\models
2025-03-26 00:38:50,928 - base_model - INFO - Player data directory contents:
2025-03-26 00:38:50,929 - base_model - INFO -  - Antetokounmpo_stats.csv
2025-03-26 00:38:50,929 - base_model - INFO -  - Butler_stats.csv
2025-03-26 00:38:50,929 - base_model - INFO -  - Curry_stats.csv
2025-03-26 00:38:50,930 - base_model - INFO -  - Doncic_stats.csv
2025-03-26 00:38:50,931 - base_model - INFO -  - Durant_stats.csv
2025-03-26 00:38:50,931 - base_model - INFO -  - Gilgeous-Alexander_stats.csv
2025-03-26 00:38:50,931 - base_model - INFO -  - James_stats.csv
2025-03-26 00:38:50,931 - base_model - INFO -  - Jokic_stats.csv
2025-03-26 00:38:50,932 - base_model - INFO -  - Lillard_stats.csv
2025-03-26 00:38:50,932 - base_model - INFO -  - Tatum_stats.csv
2025-03-26 00:38:50,932 - base_model - INFO - Models directory contents:
2025-03-26 00:38:50,935 - base_model - INFO -  - Antetokounmpo_AST_model.joblib
2025-03-26 00:38:50,936 - base_model - INFO -  - Antetokounmpo_AST_model.pkl
2025-03-26 00:38:50,936 - base_model - INFO -  - Antetokounmpo_AST_scaler.joblib
2025-03-26 00:38:50,936 - base_model - INFO -  - Antetokounmpo_BLK_model.joblib
2025-03-26 00:38:50,936 - base_model - INFO -  - Antetokounmpo_BLK_model.pkl
2025-03-26 00:38:50,936 - base_model - INFO -  - Antetokounmpo_BLK_scaler.joblib
2025-03-26 00:38:50,936 - base_model - INFO -  - Antetokounmpo_last_games.joblib
2025-03-26 00:38:50,937 - base_model - INFO -  - Antetokounmpo_PTS_model.joblib
2025-03-26 00:38:50,937 - base_model - INFO -  - Antetokounmpo_PTS_model.pkl
2025-03-26 00:38:50,937 - base_model - INFO -  - Antetokounmpo_PTS_scaler.joblib
2025-03-26 00:38:50,937 - base_model - INFO -  - Antetokounmpo_REB_model.joblib
2025-03-26 00:38:50,937 - base_model - INFO -  - Antetokounmpo_REB_model.pkl
2025-03-26 00:38:50,938 - base_model - INFO -  - Antetokounmpo_REB_scaler.joblib
2025-03-26 00:38:50,938 - base_model - INFO -  - Antetokounmpo_TO_model.joblib
2025-03-26 00:38:50,938 - base_model - INFO -  - Antetokounmpo_TO_model.pkl
2025-03-26 00:38:50,939 - base_model - INFO -  - Antetokounmpo_TO_scaler.joblib
2025-03-26 00:38:50,939 - base_model - INFO -  - Butler_AST_model.joblib
2025-03-26 00:38:50,939 - base_model - INFO -  - Butler_AST_model.pkl
2025-03-26 00:38:50,939 - base_model - INFO -  - Butler_AST_scaler.joblib
2025-03-26 00:38:50,939 - base_model - INFO -  - Butler_BLK_model.joblib
2025-03-26 00:38:50,939 - base_model - INFO -  - Butler_BLK_model.pkl
2025-03-26 00:38:50,940 - base_model - INFO -  - Butler_BLK_scaler.joblib
2025-03-26 00:38:50,940 - base_model - INFO -  - Butler_last_games.joblib
2025-03-26 00:38:50,940 - base_model - INFO -  - Butler_PTS_model.joblib
2025-03-26 00:38:50,940 - base_model - INFO -  - Butler_PTS_model.pkl
2025-03-26 00:38:50,940 - base_model - INFO -  - Butler_PTS_scaler.joblib
2025-03-26 00:38:50,940 - base_model - INFO -  - Butler_REB_model.joblib
2025-03-26 00:38:50,941 - base_model - INFO -  - Butler_REB_model.pkl
2025-03-26 00:38:50,941 - base_model - INFO -  - Butler_REB_scaler.joblib
2025-03-26 00:38:50,941 - base_model - INFO -  - Butler_TO_model.joblib
2025-03-26 00:38:50,942 - base_model - INFO -  - Butler_TO_model.pkl
2025-03-26 00:38:50,942 - base_model - INFO -  - Butler_TO_scaler.joblib
2025-03-26 00:38:50,942 - base_model - INFO -  - Curry_AST_model.joblib
2025-03-26 00:38:50,942 - base_model - INFO -  - Curry_AST_model.pkl
2025-03-26 00:38:50,942 - base_model - INFO -  - Curry_AST_scaler.joblib
2025-03-26 00:38:50,942 - base_model - INFO -  - Curry_BLK_model.joblib
2025-03-26 00:38:50,943 - base_model - INFO -  - Curry_BLK_model.pkl
2025-03-26 00:38:50,943 - base_model - INFO -  - Curry_BLK_scaler.joblib
2025-03-26 00:38:50,943 - base_model - INFO -  - Curry_last_games.joblib
2025-03-26 00:38:50,943 - base_model - INFO -  - Curry_PTS_model.joblib
2025-03-26 00:38:50,944 - base_model - INFO -  - Curry_PTS_model.pkl
2025-03-26 00:38:50,944 - base_model - INFO -  - Curry_PTS_scaler.joblib
2025-03-26 00:38:50,944 - base_model - INFO -  - Curry_REB_model.joblib
2025-03-26 00:38:50,944 - base_model - INFO -  - Curry_REB_model.pkl
2025-03-26 00:38:50,944 - base_model - INFO -  - Curry_REB_scaler.joblib
2025-03-26 00:38:50,944 - base_model - INFO -  - Curry_TO_model.joblib
2025-03-26 00:38:50,945 - base_model - INFO -  - Curry_TO_model.pkl
2025-03-26 00:38:50,945 - base_model - INFO -  - Curry_TO_scaler.joblib
2025-03-26 00:38:50,945 - base_model - INFO -  - Doncic_AST_model.joblib
2025-03-26 00:38:50,945 - base_model - INFO -  - Doncic_AST_model.pkl
2025-03-26 00:38:50,945 - base_model - INFO -  - Doncic_AST_scaler.joblib
2025-03-26 00:38:50,945 - base_model - INFO -  - Doncic_BLK_model.joblib
2025-03-26 00:38:50,945 - base_model - INFO -  - Doncic_BLK_model.pkl
2025-03-26 00:38:50,946 - base_model - INFO -  - Doncic_BLK_scaler.joblib
2025-03-26 00:38:50,946 - base_model - INFO -  - Doncic_last_games.joblib
2025-03-26 00:38:50,946 - base_model - INFO -  - Doncic_PTS_model.joblib
2025-03-26 00:38:50,946 - base_model - INFO -  - Doncic_PTS_model.pkl
2025-03-26 00:38:50,946 - base_model - INFO -  - Doncic_PTS_scaler.joblib
2025-03-26 00:38:50,947 - base_model - INFO -  - Doncic_REB_model.joblib
2025-03-26 00:38:50,947 - base_model - INFO -  - Doncic_REB_model.pkl
2025-03-26 00:38:50,947 - base_model - INFO -  - Doncic_REB_scaler.joblib
2025-03-26 00:38:50,947 - base_model - INFO -  - Doncic_TO_model.joblib
2025-03-26 00:38:50,947 - base_model - INFO -  - Doncic_TO_model.pkl
2025-03-26 00:38:50,947 - base_model - INFO -  - Doncic_TO_scaler.joblib
2025-03-26 00:38:50,948 - base_model - INFO -  - Durant_AST_model.joblib
2025-03-26 00:38:50,948 - base_model - INFO -  - Durant_AST_model.pkl
2025-03-26 00:38:50,949 - base_model - INFO -  - Durant_AST_scaler.joblib
2025-03-26 00:38:50,949 - base_model - INFO -  - Durant_BLK_model.joblib
2025-03-26 00:38:50,949 - base_model - INFO -  - Durant_BLK_model.pkl
2025-03-26 00:38:50,949 - base_model - INFO -  - Durant_BLK_scaler.joblib
2025-03-26 00:38:50,949 - base_model - INFO -  - Durant_last_games.joblib
2025-03-26 00:38:50,949 - base_model - INFO -  - Durant_PTS_model.joblib
2025-03-26 00:38:50,950 - base_model - INFO -  - Durant_PTS_model.pkl
2025-03-26 00:38:50,950 - base_model - INFO -  - Durant_PTS_scaler.joblib
2025-03-26 00:38:50,950 - base_model - INFO -  - Durant_REB_model.joblib
2025-03-26 00:38:50,950 - base_model - INFO -  - Durant_REB_model.pkl
2025-03-26 00:38:50,950 - base_model - INFO -  - Durant_REB_scaler.joblib
2025-03-26 00:38:50,950 - base_model - INFO -  - Durant_TO_model.joblib
2025-03-26 00:38:50,951 - base_model - INFO -  - Durant_TO_model.pkl
2025-03-26 00:38:50,951 - base_model - INFO -  - Durant_TO_scaler.joblib
2025-03-26 00:38:50,951 - base_model - INFO -  - Gilgeous-Alexander_AST_model.joblib
2025-03-26 00:38:50,951 - base_model - INFO -  - Gilgeous-Alexander_AST_model.pkl
2025-03-26 00:38:50,951 - base_model - INFO -  - Gilgeous-Alexander_AST_scaler.joblib
2025-03-26 00:38:50,951 - base_model - INFO -  - Gilgeous-Alexander_BLK_model.joblib
2025-03-26 00:38:50,952 - base_model - INFO -  - Gilgeous-Alexander_BLK_model.pkl
2025-03-26 00:38:50,952 - base_model - INFO -  - Gilgeous-Alexander_BLK_scaler.joblib
2025-03-26 00:38:50,952 - base_model - INFO -  - Gilgeous-Alexander_last_games.joblib
2025-03-26 00:38:50,952 - base_model - INFO -  - Gilgeous-Alexander_PTS_model.joblib
2025-03-26 00:38:50,952 - base_model - INFO -  - Gilgeous-Alexander_PTS_model.pkl
2025-03-26 00:38:50,952 - base_model - INFO -  - Gilgeous-Alexander_PTS_scaler.joblib
2025-03-26 00:38:50,952 - base_model - INFO -  - Gilgeous-Alexander_REB_model.joblib
2025-03-26 00:38:50,953 - base_model - INFO -  - Gilgeous-Alexander_REB_model.pkl
2025-03-26 00:38:50,953 - base_model - INFO -  - Gilgeous-Alexander_REB_scaler.joblib
2025-03-26 00:38:50,953 - base_model - INFO -  - Gilgeous-Alexander_TO_model.joblib
2025-03-26 00:38:50,953 - base_model - INFO -  - Gilgeous-Alexander_TO_model.pkl
2025-03-26 00:38:50,953 - base_model - INFO -  - Gilgeous-Alexander_TO_scaler.joblib
2025-03-26 00:38:50,953 - base_model - INFO -  - James_AST_model.joblib
2025-03-26 00:38:50,953 - base_model - INFO -  - James_AST_model.pkl
2025-03-26 00:38:50,954 - base_model - INFO -  - James_AST_scaler.joblib
2025-03-26 00:38:50,954 - base_model - INFO -  - James_BLK_model.joblib
2025-03-26 00:38:50,954 - base_model - INFO -  - James_BLK_model.pkl
2025-03-26 00:38:50,954 - base_model - INFO -  - James_BLK_scaler.joblib
2025-03-26 00:38:50,954 - base_model - INFO -  - James_last_games.joblib
2025-03-26 00:38:50,954 - base_model - INFO -  - James_PTS_model.joblib
2025-03-26 00:38:50,955 - base_model - INFO -  - James_PTS_model.pkl
2025-03-26 00:38:50,955 - base_model - INFO -  - James_PTS_scaler.joblib
2025-03-26 00:38:50,955 - base_model - INFO -  - James_REB_model.joblib
2025-03-26 00:38:50,955 - base_model - INFO -  - James_REB_model.pkl
2025-03-26 00:38:50,956 - base_model - INFO -  - James_REB_scaler.joblib
2025-03-26 00:38:50,956 - base_model - INFO -  - James_TO_model.joblib
2025-03-26 00:38:50,956 - base_model - INFO -  - James_TO_model.pkl
2025-03-26 00:38:50,956 - base_model - INFO -  - James_TO_scaler.joblib
2025-03-26 00:38:50,956 - base_model - INFO -  - Jokic_AST_model.joblib
2025-03-26 00:38:50,956 - base_model - INFO -  - Jokic_AST_model.pkl
2025-03-26 00:38:50,957 - base_model - INFO -  - Jokic_AST_scaler.joblib
2025-03-26 00:38:50,957 - base_model - INFO -  - Jokic_BLK_model.joblib
2025-03-26 00:38:50,957 - base_model - INFO -  - Jokic_BLK_model.pkl
2025-03-26 00:38:50,957 - base_model - INFO -  - Jokic_BLK_scaler.joblib
2025-03-26 00:38:50,957 - base_model - INFO -  - Jokic_last_games.joblib
2025-03-26 00:38:50,957 - base_model - INFO -  - Jokic_PTS_model.joblib
2025-03-26 00:38:50,958 - base_model - INFO -  - Jokic_PTS_model.pkl
2025-03-26 00:38:50,958 - base_model - INFO -  - Jokic_PTS_scaler.joblib
2025-03-26 00:38:50,958 - base_model - INFO -  - Jokic_REB_model.joblib
2025-03-26 00:38:50,958 - base_model - INFO -  - Jokic_REB_model.pkl
2025-03-26 00:38:50,958 - base_model - INFO -  - Jokic_REB_scaler.joblib
2025-03-26 00:38:50,958 - base_model - INFO -  - Jokic_TO_model.joblib
2025-03-26 00:38:50,958 - base_model - INFO -  - Jokic_TO_model.pkl
2025-03-26 00:38:50,959 - base_model - INFO -  - Jokic_TO_scaler.joblib
2025-03-26 00:38:50,959 - base_model - INFO -  - Lillard_AST_model.joblib
2025-03-26 00:38:50,959 - base_model - INFO -  - Lillard_AST_model.pkl
2025-03-26 00:38:50,960 - base_model - INFO -  - Lillard_AST_scaler.joblib
2025-03-26 00:38:50,960 - base_model - INFO -  - Lillard_BLK_model.joblib
2025-03-26 00:38:50,960 - base_model - INFO -  - Lillard_BLK_model.pkl
2025-03-26 00:38:50,960 - base_model - INFO -  - Lillard_BLK_scaler.joblib
2025-03-26 00:38:50,960 - base_model - INFO -  - Lillard_last_games.joblib
2025-03-26 00:38:50,961 - base_model - INFO -  - Lillard_PTS_model.joblib
2025-03-26 00:38:50,961 - base_model - INFO -  - Lillard_PTS_model.pkl
2025-03-26 00:38:50,961 - base_model - INFO -  - Lillard_PTS_scaler.joblib
2025-03-26 00:38:50,962 - base_model - INFO -  - Lillard_REB_model.joblib
2025-03-26 00:38:50,962 - base_model - INFO -  - Lillard_REB_model.pkl
2025-03-26 00:38:50,962 - base_model - INFO -  - Lillard_REB_scaler.joblib
2025-03-26 00:38:50,963 - base_model - INFO -  - Lillard_TO_model.joblib
2025-03-26 00:38:50,963 - base_model - INFO -  - Lillard_TO_model.pkl
2025-03-26 00:38:50,963 - base_model - INFO -  - Lillard_TO_scaler.joblib
2025-03-26 00:38:50,963 - base_model - INFO -  - Tatum_AST_model.joblib
2025-03-26 00:38:50,964 - base_model - INFO -  - Tatum_AST_model.pkl
2025-03-26 00:38:50,964 - base_model - INFO -  - Tatum_AST_scaler.joblib
2025-03-26 00:38:50,964 - base_model - INFO -  - Tatum_BLK_model.joblib
2025-03-26 00:38:50,964 - base_model - INFO -  - Tatum_BLK_model.pkl
2025-03-26 00:38:50,964 - base_model - INFO -  - Tatum_BLK_scaler.joblib
2025-03-26 00:38:50,964 - base_model - INFO -  - Tatum_last_games.joblib
2025-03-26 00:38:50,965 - base_model - INFO -  - Tatum_PTS_model.joblib
2025-03-26 00:38:50,965 - base_model - INFO -  - Tatum_PTS_model.pkl
2025-03-26 00:38:50,965 - base_model - INFO -  - Tatum_PTS_scaler.joblib
2025-03-26 00:38:50,965 - base_model - INFO -  - Tatum_REB_model.joblib
2025-03-26 00:38:50,965 - base_model - INFO -  - Tatum_REB_model.pkl
2025-03-26 00:38:50,966 - base_model - INFO -  - Tatum_REB_scaler.joblib
2025-03-26 00:38:50,966 - base_model - INFO -  - Tatum_TO_model.joblib
2025-03-26 00:38:50,966 - base_model - INFO -  - Tatum_TO_model.pkl
2025-03-26 00:38:50,966 - base_model - INFO -  - Tatum_TO_scaler.joblib
2025-03-26 00:38:50,994 - werkzeug - WARNING -  * Debugger is active!
2025-03-26 00:38:50,998 - werkzeug - INFO -  * Debugger PIN: 141-518-208
2025-03-26 00:39:04,263 - werkzeug - INFO -  * Detected change in 'c:\\Users\\acer\\Desktop\\Coding_Projects\\SportsAI\\base_model.py', reloading
2025-03-26 00:39:04,264 - werkzeug - INFO -  * Detected change in 'c:\\Users\\acer\\Desktop\\Coding_Projects\\SportsAI\\base_model.py', reloading
